# JRE version: OpenJDK Runtime Environment Temurin-11.0.28+6 (11.0.28+6) (build 11.0.28+6)
# Java VM: OpenJDK 64-Bit Server VM Temurin-11.0.28+6 (11.0.28+6, mixed mode, tiered, compressed oops, g1 gc, windows-amd64)
Heap:
 garbage-first heap   total 69632K, used 58927K [0x00000000e0000000, 0x0000000100000000)
  region size 1024K, 2 young (2048K), 1 survivors (1024K)
 Metaspace       used 40563K, capacity 41839K, committed 42160K, reserved 1087488K
  class space    used 4513K, capacity 5015K, committed 5120K, reserved 1048576K
GC Heap History (20 events):
Event: 15.036 GC heap before
{Heap before GC invocations=53 (full 0):
 garbage-first heap   total 69632K, used 55782K [0x00000000e0000000, 0x0000000100000000)
  region size 1024K, 8 young (8192K), 1 survivors (1024K)
 Metaspace       used 38109K, capacity 39247K, committed 39472K, reserved 1083392K
  class space    used 4183K, capacity 4641K, committed 4736K, reserved 1048576K
}
Event: 15.038 GC heap after
{Heap after GC invocations=54 (full 0):
 garbage-first heap   total 69632K, used 49471K [0x00000000e0000000, 0x0000000100000000)
  region size 1024K, 1 young (1024K), 1 survivors (1024K)
 Metaspace       used 38109K, capacity 39247K, committed 39472K, reserved 1083392K
  class space    used 4183K, capacity 4641K, committed 4736K, reserved 1048576K
}
Event: 15.112 GC heap before
{Heap before GC invocations=54 (full 0):
 garbage-first heap   total 69632K, used 56639K [0x00000000e0000000, 0x0000000100000000)
  region size 1024K, 8 young (8192K), 1 survivors (1024K)
 Metaspace       used 38345K, capacity 39501K, committed 39728K, reserved 1085440K
  class space    used 4215K, capacity 4684K, committed 4736K, reserved 1048576K
}
Event: 15.114 GC heap after
{Heap after GC invocations=55 (full 0):
 garbage-first heap   total 69632K, used 50407K [0x00000000e0000000, 0x0000000100000000)
  region size 1024K, 1 young (1024K), 1 survivors (1024K)
 Metaspace       used 38345K, capacity 39501K, committed 39728K, reserved 1085440K
  class space    used 4215K, capacity 4684K, committed 4736K, reserved 1048576K
}
Event: 15.212 GC heap before
{Heap before GC invocations=55 (full 0):
 garbage-first heap   total 69632K, used 57575K [0x00000000e0000000, 0x0000000100000000)
  region size 1024K, 8 young (8192K), 1 survivors (1024K)
 Metaspace       used 38656K, capacity 39802K, committed 39984K, reserved 1085440K
  class space    used 4252K, capacity 4720K, committed 4736K, reserved 1048576K
}
Event: 15.214 GC heap after
{Heap after GC invocations=56 (full 0):
 garbage-first heap   total 69632K, used 50533K [0x00000000e0000000, 0x0000000100000000)
  region size 1024K, 1 young (1024K), 1 survivors (1024K)
 Metaspace       used 38656K, capacity 39802K, committed 39984K, reserved 1085440K
  class space    used 4252K, capacity 4720K, committed 4736K, reserved 1048576K
}
Event: 15.298 GC heap before
{Heap before GC invocations=57 (full 0):
 garbage-first heap   total 69632K, used 57701K [0x00000000e0000000, 0x0000000100000000)
  region size 1024K, 8 young (8192K), 1 survivors (1024K)
 Metaspace       used 38845K, capacity 40030K, committed 40368K, reserved 1085440K
  class space    used 4274K, capacity 4753K, committed 4864K, reserved 1048576K
}
Event: 15.299 GC heap after
{Heap after GC invocations=58 (full 0):
 garbage-first heap   total 69632K, used 51330K [0x00000000e0000000, 0x0000000100000000)
  region size 1024K, 1 young (1024K), 1 survivors (1024K)
 Metaspace       used 38845K, capacity 40030K, committed 40368K, reserved 1085440K
  class space    used 4274K, capacity 4753K, committed 4864K, reserved 1048576K
}
Event: 15.775 GC heap before
{Heap before GC invocations=58 (full 0):
 garbage-first heap   total 69632K, used 57474K [0x00000000e0000000, 0x0000000100000000)
  region size 1024K, 7 young (7168K), 1 survivors (1024K)
 Metaspace       used 39114K, capacity 40286K, committed 40624K, reserved 1085440K
  class space    used 4301K, capacity 4753K, committed 4864K, reserved 1048576K
}
Event: 15.778 GC heap after
{Heap after GC invocations=59 (full 0):
 garbage-first heap   total 69632K, used 51872K [0x00000000e0000000, 0x0000000100000000)
  region size 1024K, 1 young (1024K), 1 survivors (1024K)
 Metaspace       used 39114K, capacity 40286K, committed 40624K, reserved 1085440K
  class space    used 4301K, capacity 4753K, committed 4864K, reserved 1048576K
}
Event: 15.886 GC heap before
{Heap before GC invocations=60 (full 0):
 garbage-first heap   total 69632K, used 58016K [0x00000000e0000000, 0x0000000100000000)
  region size 1024K, 7 young (7168K), 1 survivors (1024K)
 Metaspace       used 39335K, capacity 40510K, committed 40624K, reserved 1085440K
  class space    used 4334K, capacity 4785K, committed 4864K, reserved 1048576K
}
Event: 15.888 GC heap after
{Heap after GC invocations=61 (full 0):
 garbage-first heap   total 69632K, used 51876K [0x00000000e0000000, 0x0000000100000000)
  region size 1024K, 1 young (1024K), 1 survivors (1024K)
 Metaspace       used 39335K, capacity 40510K, committed 40624K, reserved 1085440K
  class space    used 4334K, capacity 4785K, committed 4864K, reserved 1048576K
}
Event: 15.989 GC heap before
{Heap before GC invocations=61 (full 0):
 garbage-first heap   total 69632K, used 58020K [0x00000000e0000000, 0x0000000100000000)
  region size 1024K, 7 young (7168K), 1 survivors (1024K)
 Metaspace       used 39560K, capacity 40734K, committed 40880K, reserved 1085440K
  class space    used 4366K, capacity 4817K, committed 4864K, reserved 1048576K
}
Event: 15.992 GC heap after
{Heap after GC invocations=62 (full 0):
 garbage-first heap   total 69632K, used 52357K [0x00000000e0000000, 0x0000000100000000)
  region size 1024K, 1 young (1024K), 1 survivors (1024K)
 Metaspace       used 39560K, capacity 40734K, committed 40880K, reserved 1085440K
  class space    used 4366K, capacity 4817K, committed 4864K, reserved 1048576K
}
Event: 16.129 GC heap before
{Heap before GC invocations=63 (full 0):
 garbage-first heap   total 69632K, used 58501K [0x00000000e0000000, 0x0000000100000000)
  region size 1024K, 7 young (7168K), 1 survivors (1024K)
 Metaspace       used 39883K, capacity 41054K, committed 41264K, reserved 1085440K
  class space    used 4418K, capacity 4881K, committed 4992K, reserved 1048576K
}
Event: 16.131 GC heap after
{Heap after GC invocations=64 (full 0):
 garbage-first heap   total 69632K, used 52649K [0x00000000e0000000, 0x0000000100000000)
  region size 1024K, 1 young (1024K), 1 survivors (1024K)
 Metaspace       used 39883K, capacity 41054K, committed 41264K, reserved 1085440K
  class space    used 4418K, capacity 4881K, committed 4992K, reserved 1048576K
}
Event: 16.239 GC heap before
{Heap before GC invocations=64 (full 0):
 garbage-first heap   total 69632K, used 58793K [0x00000000e0000000, 0x0000000100000000)
  region size 1024K, 7 young (7168K), 1 survivors (1024K)
 Metaspace       used 40073K, capacity 41281K, committed 41520K, reserved 1085440K
  class space    used 4449K, capacity 4914K, committed 4992K, reserved 1048576K
}
Event: 16.242 GC heap after
{Heap after GC invocations=65 (full 0):
 garbage-first heap   total 69632K, used 52831K [0x00000000e0000000, 0x0000000100000000)
  region size 1024K, 1 young (1024K), 1 survivors (1024K)
 Metaspace       used 40073K, capacity 41281K, committed 41520K, reserved 1085440K
  class space    used 4449K, capacity 4914K, committed 4992K, reserved 1048576K
}
Event: 16.360 GC heap before
{Heap before GC invocations=66 (full 0):
 garbage-first heap   total 69632K, used 56927K [0x00000000e0000000, 0x0000000100000000)
  region size 1024K, 6 young (6144K), 1 survivors (1024K)
 Metaspace       used 40249K, capacity 41409K, committed 41520K, reserved 1085440K
  class space    used 4470K, capacity 4914K, committed 4992K, reserved 1048576K
}
Event: 16.363 GC heap after
{Heap after GC invocations=67 (full 0):
 garbage-first heap   total 69632K, used 53362K [0x00000000e0000000, 0x0000000100000000)
  region size 1024K, 1 young (1024K), 1 survivors (1024K)
 Metaspace       used 40249K, capacity 41409K, committed 41520K, reserved 1085440K
  class space    used 4470K, capacity 4914K, committed 4992K, reserved 1048576K
}

